<?xml version="1.0" encoding="UTF-8"?>
<!-- Generated by org.testng.reporters.JUnitReportReporter -->
<testsuite hostname="DESKTOP-4KADTEQ" failures="0" tests="9" name="testing.dev.BuyerPortal_ComparePageTest" time="107.233" errors="1" timestamp="2022-12-12T13:46:17 IST" skipped="0">
  <testcase classname="testing.dev.BuyerPortal_ComparePageTest" name="signInPageTest" time="17.013"/>
  <system-out/>
  <testcase classname="testing.dev.BuyerPortal_ComparePageTest" name="comparePage01" time="37.126"/>
  <system-out/>
  <testcase classname="testing.dev.BuyerPortal_ComparePageTest" name="contactSupplier" time="6.638"/>
  <system-out/>
  <testcase classname="testing.dev.BuyerPortal_ComparePageTest" name="contactSupplier1" time="7.318"/>
  <system-out/>
  <testcase classname="testing.dev.BuyerPortal_ComparePageTest" name="requestQuote" time="9.908"/>
  <system-out/>
  <testcase classname="testing.dev.BuyerPortal_ComparePageTest" name="compare" time="15.453"/>
  <system-out/>
  <testcase classname="testing.dev.BuyerPortal_ComparePageTest" name="contactSupplier11" time="6.602"/>
  <system-out/>
  <testcase classname="testing.dev.BuyerPortal_ComparePageTest" name="contactSupplier12" time="7.171"/>
  <system-out/>
  <testcase classname="testing.dev.BuyerPortal_ComparePageTest" name="requestQuote1" time="0.004">
    <error message="Unresolved compilation problem: 
	The method requestQuote(String, String, String, String) in the type BuyerPortal_RequestQuote is not applicable for the arguments (String, String, String, String, String)
" type="java.lang.Error">
      <![CDATA[java.lang.Error: Unresolved compilation problem: 
The method requestQuote(String, String, String, String) in the type BuyerPortal_RequestQuote is not applicable for the arguments (String, String, String, String, String)

at testing.dev.BuyerPortal_ComparePageTest.requestQuote1(BuyerPortal_ComparePageTest.java:82)
at java.base/jdk.internal.reflect.DirectMethodHandleAccessor.invoke(DirectMethodHandleAccessor.java:104)
at java.base/java.lang.reflect.Method.invoke(Method.java:577)
at org.testng.internal.MethodInvocationHelper.invokeMethod(MethodInvocationHelper.java:133)
at org.testng.internal.TestInvoker.invokeMethod(TestInvoker.java:598)
at org.testng.internal.TestInvoker.invokeTestMethod(TestInvoker.java:173)
at org.testng.internal.MethodRunner.runInSequence(MethodRunner.java:46)
at org.testng.internal.TestInvoker$MethodInvocationAgent.invoke(TestInvoker.java:824)
at org.testng.internal.TestInvoker.invokeTestMethods(TestInvoker.java:146)
at org.testng.internal.TestMethodWorker.invokeTestMethods(TestMethodWorker.java:146)
at org.testng.internal.TestMethodWorker.run(TestMethodWorker.java:128)
at java.base/java.util.ArrayList.forEach(ArrayList.java:1511)
at org.testng.TestRunner.privateRun(TestRunner.java:794)
at org.testng.TestRunner.run(TestRunner.java:596)
at org.testng.SuiteRunner.runTest(SuiteRunner.java:377)
at org.testng.SuiteRunner.runSequentially(SuiteRunner.java:371)
at org.testng.SuiteRunner.privateRun(SuiteRunner.java:332)
at org.testng.SuiteRunner.run(SuiteRunner.java:276)
at org.testng.SuiteRunnerWorker.runSuite(SuiteRunnerWorker.java:53)
at org.testng.SuiteRunnerWorker.run(SuiteRunnerWorker.java:96)
at org.testng.TestNG.runSuitesSequentially(TestNG.java:1212)
at org.testng.TestNG.runSuitesLocally(TestNG.java:1134)
at org.testng.TestNG.runSuites(TestNG.java:1063)
at org.testng.TestNG.run(TestNG.java:1031)
at org.testng.remote.AbstractRemoteTestNG.run(AbstractRemoteTestNG.java:115)
at org.testng.remote.RemoteTestNG.initAndRun(RemoteTestNG.java:251)
at org.testng.remote.RemoteTestNG.main(RemoteTestNG.java:77)
]]>
    </error>
  </testcase> <!-- requestQuote1 -->
  <system-out/>
</testsuite> <!-- testing.dev.BuyerPortal_ComparePageTest -->
