<?xml version="1.0" encoding="UTF-8"?>
<!-- Generated by org.testng.reporters.JUnitReportReporter -->
<testsuite hostname="DESKTOP-4KADTEQ" failures="0" tests="7" name="testing.dev.BuyerPortal_LandingPagetest" time="711.530" errors="0" timestamp="2022-12-27T14:38:59 IST" skipped="1">
  <testcase classname="testing.dev.BuyerPortal_LandingPagetest" name="search" time="5.550"/>
  <system-out/>
  <testcase classname="testing.dev.BuyerPortal_LandingPagetest" name="popularSearch" time="11.878"/>
  <system-out/>
  <testcase classname="testing.dev.BuyerPortal_LandingPagetest" name="categories" time="22.246"/>
  <system-out/>
  <testcase classname="testing.dev.BuyerPortal_LandingPagetest" name="testimonials" time="2.138"/>
  <system-out/>
  <testcase classname="testing.dev.BuyerPortal_LandingPagetest" name="signInPageTest" time="6.695"/>
  <system-out/>
  <testcase classname="testing.dev.BuyerPortal_LandingPagetest" name="searchpage" time="663.023"/>
  <system-out/>
  <testcase classname="testing.dev.BuyerPortal_LandingPagetest" name="footer1">
    <skipped/>
  </testcase> <!-- footer1 -->
  <system-out/>
</testsuite> <!-- testing.dev.BuyerPortal_LandingPagetest -->
