<?xml version="1.0" encoding="UTF-8"?>
<!-- Generated by org.testng.reporters.JUnitReportReporter -->
<testsuite hostname="DESKTOP-4KADTEQ" failures="0" tests="2" name="testing.dev.BuyerPortal_ProfileTest" time="55.169" errors="0" timestamp="2022-12-23T16:44:45 IST" skipped="0">
  <testcase classname="testing.dev.BuyerPortal_ProfileTest" name="signInPageTest" time="11.356"/>
  <system-out/>
  <testcase classname="testing.dev.BuyerPortal_ProfileTest" name="profilepage" time="43.813"/>
  <system-out/>
</testsuite> <!-- testing.dev.BuyerPortal_ProfileTest -->
