<?xml version="1.0" encoding="UTF-8"?>
<!-- Generated by org.testng.reporters.JUnitReportReporter -->
<testsuite hostname="DESKTOP-4KADTEQ" failures="0" tests="9" name="testing.dev.BuyerPortal_ComparePageTest" time="59.373" errors="0" timestamp="2022-12-27T17:46:55 IST" skipped="0">
  <testcase classname="testing.dev.BuyerPortal_ComparePageTest" name="signInPageTest" time="11.207"/>
  <system-out/>
  <testcase classname="testing.dev.BuyerPortal_ComparePageTest" name="comparePage01" time="19.753"/>
  <system-out/>
  <testcase classname="testing.dev.BuyerPortal_ComparePageTest" name="contactSupplier" time="3.642"/>
  <system-out/>
  <testcase classname="testing.dev.BuyerPortal_ComparePageTest" name="contactSupplier1" time="3.168"/>
  <system-out/>
  <testcase classname="testing.dev.BuyerPortal_ComparePageTest" name="requestQuote" time="1.151"/>
  <system-out/>
  <testcase classname="testing.dev.BuyerPortal_ComparePageTest" name="compare" time="12.463"/>
  <system-out/>
  <testcase classname="testing.dev.BuyerPortal_ComparePageTest" name="contactSupplier11" time="3.657"/>
  <system-out/>
  <testcase classname="testing.dev.BuyerPortal_ComparePageTest" name="contactSupplier12" time="3.357"/>
  <system-out/>
  <testcase classname="testing.dev.BuyerPortal_ComparePageTest" name="requestQuote1" time="0.975"/>
  <system-out/>
</testsuite> <!-- testing.dev.BuyerPortal_ComparePageTest -->
