<?xml version="1.0" encoding="UTF-8"?>
<!-- Generated by org.testng.reporters.JUnitReportReporter -->
<testsuite hostname="DESKTOP-4KADTEQ" failures="0" tests="5" name="testing.dev.BuyerPortalLogin" time="0.006" errors="1" timestamp="2022-12-23T18:16:01 IST" skipped="4">
  <testcase classname="testing.dev.BuyerPortalLogin" name="setUp" time="0.006">
    <error message="Unresolved compilation problems: 
	Unhandled exception type IOException
	Unhandled exception type IOException
" type="java.lang.Error">
      <![CDATA[java.lang.Error: Unresolved compilation problems: 
Unhandled exception type IOException
Unhandled exception type IOException

at testing.dev.BaseTest.setUp(BaseTest.java:112)
at java.base/jdk.internal.reflect.DirectMethodHandleAccessor.invoke(DirectMethodHandleAccessor.java:104)
at java.base/java.lang.reflect.Method.invoke(Method.java:577)
at org.testng.internal.MethodInvocationHelper.invokeMethod(MethodInvocationHelper.java:133)
at org.testng.internal.MethodInvocationHelper.invokeMethodConsideringTimeout(MethodInvocationHelper.java:62)
at org.testng.internal.ConfigInvoker.invokeConfigurationMethod(ConfigInvoker.java:385)
at org.testng.internal.ConfigInvoker.invokeConfigurations(ConfigInvoker.java:321)
at org.testng.SuiteRunner.privateRun(SuiteRunner.java:317)
at org.testng.SuiteRunner.run(SuiteRunner.java:276)
at org.testng.SuiteRunnerWorker.runSuite(SuiteRunnerWorker.java:53)
at org.testng.SuiteRunnerWorker.run(SuiteRunnerWorker.java:96)
at org.testng.TestNG.runSuitesSequentially(TestNG.java:1212)
at org.testng.TestNG.runSuitesLocally(TestNG.java:1134)
at org.testng.TestNG.runSuites(TestNG.java:1063)
at org.testng.TestNG.run(TestNG.java:1031)
at org.testng.remote.AbstractRemoteTestNG.run(AbstractRemoteTestNG.java:115)
at org.testng.remote.RemoteTestNG.initAndRun(RemoteTestNG.java:251)
at org.testng.remote.RemoteTestNG.main(RemoteTestNG.java:77)
]]>
    </error>
  </testcase> <!-- setUp -->
  <system-out/>
  <testcase classname="testing.dev.BuyerPortalLogin" name="signUpPageTest1" time="0.000">
    <skipped/>
  </testcase> <!-- signUpPageTest1 -->
  <system-out/>
  <testcase classname="testing.dev.BuyerPortalLogin" name="signInPageTest4" time="0.000">
    <skipped/>
  </testcase> <!-- signInPageTest4 -->
  <system-out/>
  <testcase classname="testing.dev.BuyerPortalLogin" name="signUpPageTest2" time="0.000">
    <skipped/>
  </testcase> <!-- signUpPageTest2 -->
  <system-out/>
  <testcase classname="testing.dev.BuyerPortalLogin" name="signInPageTest3" time="0.000">
    <skipped/>
  </testcase> <!-- signInPageTest3 -->
  <system-out/>
</testsuite> <!-- testing.dev.BuyerPortalLogin -->
