<?xml version="1.0" encoding="UTF-8"?>
<!-- Generated by org.testng.reporters.JUnitReportReporter -->
<testsuite hostname="DESKTOP-4KADTEQ" failures="0" tests="2" name="testing.dev.BuyerPortal_FinancialPageTest" time="38.838" errors="0" timestamp="2023-01-02T19:21:08 IST" skipped="0">
  <testcase classname="testing.dev.BuyerPortal_FinancialPageTest" name="signInPageTest" time="6.422"/>
  <system-out/>
  <testcase classname="testing.dev.BuyerPortal_FinancialPageTest" name="financialpagetest1" time="32.416"/>
  <system-out/>
</testsuite> <!-- testing.dev.BuyerPortal_FinancialPageTest -->
