<?xml version="1.0" encoding="UTF-8"?>
<!-- Generated by org.testng.reporters.JUnitReportReporter -->
<testsuite hostname="DESKTOP-4KADTEQ" failures="0" tests="4" name="testing.dev.BuyerPortalLogin" time="437.534" errors="0" timestamp="2022-12-27T19:09:30 IST" skipped="1">
  <testcase classname="testing.dev.BuyerPortalLogin" name="signUpPageTest1" time="13.907"/>
  <system-out/>
  <testcase classname="testing.dev.BuyerPortalLogin" name="signUpPageTest2" time="241.553"/>
  <system-out/>
  <testcase classname="testing.dev.BuyerPortalLogin" name="signInPageTest3" time="182.074"/>
  <system-out/>
  <testcase classname="testing.dev.BuyerPortalLogin" name="signInPageTest4">
    <skipped/>
  </testcase> <!-- signInPageTest4 -->
  <system-out/>
</testsuite> <!-- testing.dev.BuyerPortalLogin -->
