<?xml version="1.0" encoding="UTF-8"?>
<!-- Generated by org.testng.reporters.JUnitReportReporter -->
<testsuite hostname="DESKTOP-4KADTEQ" failures="0" tests="2" name="testing.dev.BuyerPortal_ProfileTest" time="46.822" errors="0" timestamp="2022-12-22T13:00:14 IST" skipped="0">
  <testcase classname="testing.dev.BuyerPortal_ProfileTest" name="signInPageTest" time="5.982"/>
  <system-out/>
  <testcase classname="testing.dev.BuyerPortal_ProfileTest" name="profilepage" time="40.840"/>
  <system-out/>
</testsuite> <!-- testing.dev.BuyerPortal_ProfileTest -->
