<?xml version="1.0" encoding="UTF-8"?>
<!-- Generated by org.testng.reporters.JUnitReportReporter -->
<testsuite hostname="DESKTOP-4KADTEQ" failures="0" tests="2" name="testing.dev.BuyerPortal_ProfileTest" time="353.074" errors="0" timestamp="2022-12-27T17:05:36 IST" skipped="0">
  <testcase classname="testing.dev.BuyerPortal_ProfileTest" name="signInPageTest" time="6.627"/>
  <system-out/>
  <testcase classname="testing.dev.BuyerPortal_ProfileTest" name="profilepage" time="346.447"/>
  <system-out/>
</testsuite> <!-- testing.dev.BuyerPortal_ProfileTest -->
