<?xml version="1.0" encoding="UTF-8"?>
<!-- Generated by org.testng.reporters.JUnitReportReporter -->
<testsuite hostname="DESKTOP-4KADTEQ" failures="0" tests="5" name="testing.dev.BuyerPortal_search" time="367.613" errors="0" timestamp="2022-12-23T18:01:01 IST" skipped="0">
  <testcase classname="testing.dev.BuyerPortal_search" name="signInPageTest" time="19.768"/>
  <system-out/>
  <testcase classname="testing.dev.BuyerPortal_search" name="loginsearchPageTest" time="8.906"/>
  <system-out/>
  <testcase classname="testing.dev.BuyerPortal_search" name="contactSupplier" time="5.278"/>
  <system-out/>
  <testcase classname="testing.dev.BuyerPortal_search" name="contactSupplier1" time="332.640"/>
  <system-out/>
  <testcase classname="testing.dev.BuyerPortal_search" name="requestQuote" time="1.021"/>
  <system-out/>
</testsuite> <!-- testing.dev.BuyerPortal_search -->
