<?xml version="1.0" encoding="UTF-8"?>
<!-- Generated by org.testng.reporters.JUnitReportReporter -->
<testsuite hostname="DESKTOP-4KADTEQ" failures="0" tests="3" name="testing.dev.BuyerPortalLogin" time="192.776" errors="0" timestamp="2023-10-25T14:44:36 IST" skipped="1">
  <testcase classname="testing.dev.BuyerPortalLogin" name="signUpPageTest1" time="57.282"/>
  <system-out/>
  <testcase classname="testing.dev.BuyerPortalLogin" name="signInPageTest5" time="135.494"/>
  <system-out/>
  <testcase classname="testing.dev.BuyerPortalLogin" name="signUpPageTes">
    <skipped/>
  </testcase> <!-- signUpPageTes -->
  <system-out/>
</testsuite> <!-- testing.dev.BuyerPortalLogin -->
