<?xml version="1.0" encoding="UTF-8"?>
<!-- Generated by org.testng.reporters.JUnitReportReporter -->
<testsuite hostname="DESKTOP-4KADTEQ" failures="0" tests="4" name="testing.dev.BuyerPortal_ComparePageTest" time="841.132" errors="0" timestamp="2023-11-15T15:21:35 IST" skipped="0">
  <testcase classname="testing.dev.BuyerPortal_ComparePageTest" name="signUpPageTest1" time="52.662"/>
  <system-out/>
  <testcase classname="testing.dev.BuyerPortal_ComparePageTest" name="comparePage01" time="165.137"/>
  <system-out/>
  <testcase classname="testing.dev.BuyerPortal_ComparePageTest" name="contactSupplier1" time="233.425"/>
  <system-out/>
  <testcase classname="testing.dev.BuyerPortal_ComparePageTest" name="requestQuote" time="389.908"/>
  <system-out/>
</testsuite> <!-- testing.dev.BuyerPortal_ComparePageTest -->
