<?xml version="1.0" encoding="UTF-8"?>
<!-- Generated by org.testng.reporters.JUnitReportReporter -->
<testsuite hostname="DESKTOP-4KADTEQ" failures="0" tests="2" name="testing.dev.BuyerPortal_DashboardPageTest" time="1121.710" errors="0" timestamp="2023-11-16T17:21:50 IST" skipped="0">
  <testcase classname="testing.dev.BuyerPortal_DashboardPageTest" name="signUpPageTest1" time="55.138"/>
  <system-out/>
  <testcase classname="testing.dev.BuyerPortal_DashboardPageTest" name="dashboardPageTest1" time="1066.572"/>
  <system-out/>
</testsuite> <!-- testing.dev.BuyerPortal_DashboardPageTest -->
