<?xml version="1.0" encoding="UTF-8"?>
<!-- Generated by org.testng.reporters.JUnitReportReporter -->
<testsuite hostname="DESKTOP-4KADTEQ" failures="0" tests="3" name="testing.dev.BuyerPortal_Trusted_EducationPageTest" time="340.372" errors="0" timestamp="2023-11-15T15:21:35 IST" skipped="0">
  <testcase classname="testing.dev.BuyerPortal_Trusted_EducationPageTest" name="signUpPageTest1" time="53.596"/>
  <system-out/>
  <testcase classname="testing.dev.BuyerPortal_Trusted_EducationPageTest" name="TrustedPage" time="160.003"/>
  <system-out/>
  <testcase classname="testing.dev.BuyerPortal_Trusted_EducationPageTest" name="EucationPage" time="126.773"/>
  <system-out/>
</testsuite> <!-- testing.dev.BuyerPortal_Trusted_EducationPageTest -->
