<?xml version="1.0" encoding="UTF-8"?>
<!-- Generated by org.testng.reporters.JUnitReportReporter -->
<testsuite hostname="DESKTOP-4KADTEQ" failures="0" tests="3" name="testing.dev.BuyerPortal_Trusted_EducationPageTest" time="340.469" errors="0" timestamp="2023-11-16T17:21:50 IST" skipped="0">
  <testcase classname="testing.dev.BuyerPortal_Trusted_EducationPageTest" name="signUpPageTest1" time="53.621"/>
  <system-out/>
  <testcase classname="testing.dev.BuyerPortal_Trusted_EducationPageTest" name="TrustedPage" time="160.043"/>
  <system-out/>
  <testcase classname="testing.dev.BuyerPortal_Trusted_EducationPageTest" name="EucationPage" time="126.805"/>
  <system-out/>
</testsuite> <!-- testing.dev.BuyerPortal_Trusted_EducationPageTest -->
