<?xml version="1.0" encoding="UTF-8"?>
<!-- Generated by org.testng.reporters.JUnitReportReporter -->
<testsuite hostname="DESKTOP-4KADTEQ" failures="0" tests="2" name="testing.dev.BuyerPortal_DashboardPageTest" time="155.183" errors="0" timestamp="2023-11-20T15:52:17 IST" skipped="0">
  <testcase classname="testing.dev.BuyerPortal_DashboardPageTest" name="signUpPageTest1" time="53.157"/>
  <system-out/>
  <testcase classname="testing.dev.BuyerPortal_DashboardPageTest" name="dashboardPageTest1" time="102.026"/>
  <system-out/>
</testsuite> <!-- testing.dev.BuyerPortal_DashboardPageTest -->
