<?xml version="1.0" encoding="UTF-8"?>
<!-- Generated by org.testng.reporters.JUnitReportReporter -->
<testsuite hostname="DESKTOP-4KADTEQ" failures="0" tests="5" name="testing.dev.BuyerPortal_BusinessOnboardingPageTest" time="2232.918" errors="0" timestamp="2023-11-16T17:21:50 IST" skipped="0">
  <testcase classname="testing.dev.BuyerPortal_BusinessOnboardingPageTest" name="signUpPageTest1" time="53.230"/>
  <system-out/>
  <testcase classname="testing.dev.BuyerPortal_BusinessOnboardingPageTest" name="basicBusinessDetails" time="681.072"/>
  <system-out/>
  <testcase classname="testing.dev.BuyerPortal_BusinessOnboardingPageTest" name="basicBusinessDetails1" time="427.117"/>
  <system-out/>
  <testcase classname="testing.dev.BuyerPortal_BusinessOnboardingPageTest" name="contactDetails" time="322.348"/>
  <system-out/>
  <testcase classname="testing.dev.BuyerPortal_BusinessOnboardingPageTest" name="otherInformation" time="749.151"/>
  <system-out/>
</testsuite> <!-- testing.dev.BuyerPortal_BusinessOnboardingPageTest -->
