<?xml version="1.0" encoding="UTF-8"?>
<!-- Generated by org.testng.reporters.JUnitReportReporter -->
<testsuite hostname="DESKTOP-4KADTEQ" failures="0" tests="3" name="testing.dev.BuyerPortal_FavouritePageTest" time="150.833" errors="0" timestamp="2023-10-25T15:39:14 IST" skipped="0">
  <testcase classname="testing.dev.BuyerPortal_FavouritePageTest" name="signUpPageTest1" time="51.379"/>
  <system-out/>
  <testcase classname="testing.dev.BuyerPortal_FavouritePageTest" name="loginsearchPageTest" time="9.897"/>
  <system-out/>
  <testcase classname="testing.dev.BuyerPortal_FavouritePageTest" name="favPage1" time="89.557"/>
  <system-out/>
</testsuite> <!-- testing.dev.BuyerPortal_FavouritePageTest -->
