<?xml version="1.0" encoding="UTF-8"?>
<!-- Generated by org.testng.reporters.JUnitReportReporter -->
<testsuite hostname="DESKTOP-4KADTEQ" failures="0" tests="4" name="testing.dev.BuyerPortal_ComparePageTest" time="155.424" errors="0" timestamp="2023-11-20T12:21:22 IST" skipped="0">
  <testcase classname="testing.dev.BuyerPortal_ComparePageTest" name="signUpPageTest1" time="58.885"/>
  <system-out/>
  <testcase classname="testing.dev.BuyerPortal_ComparePageTest" name="comparePage01" time="44.642"/>
  <system-out/>
  <testcase classname="testing.dev.BuyerPortal_ComparePageTest" name="contactSupplier1" time="22.854"/>
  <system-out/>
  <testcase classname="testing.dev.BuyerPortal_ComparePageTest" name="requestQuote" time="29.043"/>
  <system-out/>
</testsuite> <!-- testing.dev.BuyerPortal_ComparePageTest -->
