<?xml version="1.0" encoding="UTF-8"?>
<!-- Generated by org.testng.reporters.JUnitReportReporter -->
<testsuite hostname="DESKTOP-4KADTEQ" failures="0" tests="4" name="testing.dev.BuyerPortal_ComparePageTest" time="148.063" errors="0" timestamp="2023-10-25T15:39:14 IST" skipped="0">
  <testcase classname="testing.dev.BuyerPortal_ComparePageTest" name="signUpPageTest1" time="51.573"/>
  <system-out/>
  <testcase classname="testing.dev.BuyerPortal_ComparePageTest" name="comparePage01" time="44.486"/>
  <system-out/>
  <testcase classname="testing.dev.BuyerPortal_ComparePageTest" name="contactSupplier1" time="22.955"/>
  <system-out/>
  <testcase classname="testing.dev.BuyerPortal_ComparePageTest" name="requestQuote" time="29.049"/>
  <system-out/>
</testsuite> <!-- testing.dev.BuyerPortal_ComparePageTest -->
