<?xml version="1.0" encoding="UTF-8"?>
<!-- Generated by org.testng.reporters.JUnitReportReporter -->
<testsuite hostname="DESKTOP-4KADTEQ" failures="0" tests="2" name="testing.dev.BuyerPortal_ProfilePageTest" time="95.236" errors="0" timestamp="2023-10-25T15:39:14 IST" skipped="0">
  <testcase classname="testing.dev.BuyerPortal_ProfilePageTest" name="signUpPageTest1" time="52.457"/>
  <system-out/>
  <testcase classname="testing.dev.BuyerPortal_ProfilePageTest" name="profilepagetest" time="42.779"/>
  <system-out/>
</testsuite> <!-- testing.dev.BuyerPortal_ProfilePageTest -->
