<?xml version="1.0" encoding="UTF-8"?>
<!-- Generated by org.testng.reporters.JUnitReportReporter -->
<testsuite hostname="DESKTOP-4KADTEQ" failures="0" tests="3" name="testing.dev.BuyerPortal_DashboardPageTest" time="0.288" errors="1" timestamp="2023-10-27T15:50:16 IST" skipped="2">
  <testcase classname="testing.dev.BuyerPortal_DashboardPageTest" name="setUp" time="0.288">
    <error message="Could not initialize class org.openqa.selenium.remote.http.netty.NettyClient" type="java.lang.NoClassDefFoundError">
      <![CDATA[java.lang.NoClassDefFoundError: Could not initialize class org.openqa.selenium.remote.http.netty.NettyClient
at org.openqa.selenium.remote.http.netty.NettyClient$Factory.createClient(NettyClient.java:124)
at org.openqa.selenium.remote.HttpCommandExecutor.<init>(HttpCommandExecutor.java:115)
at org.openqa.selenium.remote.HttpCommandExecutor.<init>(HttpCommandExecutor.java:92)
at org.openqa.selenium.remote.service.DriverCommandExecutor.<init>(DriverCommandExecutor.java:89)
at org.openqa.selenium.chromium.ChromiumDriverCommandExecutor.<init>(ChromiumDriverCommandExecutor.java:43)
at org.openqa.selenium.chrome.ChromeDriver$ChromeDriverCommandExecutor.<init>(ChromeDriver.java:115)
at org.openqa.selenium.chrome.ChromeDriver.generateExecutor(ChromeDriver.java:105)
at org.openqa.selenium.chrome.ChromeDriver.<init>(ChromeDriver.java:88)
at org.openqa.selenium.chrome.ChromeDriver.<init>(ChromeDriver.java:83)
at org.openqa.selenium.chrome.ChromeDriver.<init>(ChromeDriver.java:72)
at buyerportal.dev.DriverFactory.int_Browser(DriverFactory.java:54)
at testing.dev.BaseTest.setUp(BaseTest.java:126)
at java.base/jdk.internal.reflect.DirectMethodHandleAccessor.invoke(DirectMethodHandleAccessor.java:104)
at java.base/java.lang.reflect.Method.invoke(Method.java:577)
at org.testng.internal.MethodInvocationHelper.invokeMethod(MethodInvocationHelper.java:133)
at org.testng.internal.MethodInvocationHelper.invokeMethodConsideringTimeout(MethodInvocationHelper.java:62)
at org.testng.internal.ConfigInvoker.invokeConfigurationMethod(ConfigInvoker.java:385)
at org.testng.internal.ConfigInvoker.invokeConfigurations(ConfigInvoker.java:321)
at org.testng.TestRunner.invokeTestConfigurations(TestRunner.java:637)
at org.testng.TestRunner.beforeRun(TestRunner.java:627)
at org.testng.TestRunner.run(TestRunner.java:589)
at org.testng.SuiteRunner.runTest(SuiteRunner.java:377)
at org.testng.SuiteRunner.runSequentially(SuiteRunner.java:371)
at org.testng.SuiteRunner.privateRun(SuiteRunner.java:332)
at org.testng.SuiteRunner.run(SuiteRunner.java:276)
at org.testng.SuiteRunnerWorker.runSuite(SuiteRunnerWorker.java:53)
at org.testng.SuiteRunnerWorker.run(SuiteRunnerWorker.java:96)
at org.testng.TestNG.runSuitesSequentially(TestNG.java:1212)
at org.testng.TestNG.runSuitesLocally(TestNG.java:1134)
at org.testng.TestNG.runSuites(TestNG.java:1063)
at org.testng.TestNG.run(TestNG.java:1031)
at org.testng.remote.AbstractRemoteTestNG.run(AbstractRemoteTestNG.java:115)
at org.testng.remote.RemoteTestNG.initAndRun(RemoteTestNG.java:251)
at org.testng.remote.RemoteTestNG.main(RemoteTestNG.java:77)
Caused by: java.lang.ExceptionInInitializerError: Exception java.lang.NoClassDefFoundError: org/slf4j/LoggerFactory [in thread "main"]
at org.asynchttpclient.DefaultAsyncHttpClient.<clinit>(DefaultAsyncHttpClient.java:49)
at org.asynchttpclient.Dsl.asyncHttpClient(Dsl.java:32)
at org.openqa.selenium.remote.http.netty.NettyClient.createHttpClient(NettyClient.java:91)
at org.openqa.selenium.remote.http.netty.NettyClient.<clinit>(NettyClient.java:43)
... 34 more
]]>
    </error>
  </testcase> <!-- setUp -->
  <system-out/>
  <testcase classname="testing.dev.BuyerPortal_DashboardPageTest" name="signUpPageTest1" time="0.000">
    <skipped/>
  </testcase> <!-- signUpPageTest1 -->
  <system-out/>
  <testcase classname="testing.dev.BuyerPortal_DashboardPageTest" name="dashboardPageTest1" time="0.000">
    <skipped/>
  </testcase> <!-- dashboardPageTest1 -->
  <system-out/>
</testsuite> <!-- testing.dev.BuyerPortal_DashboardPageTest -->
