<?xml version="1.0" encoding="UTF-8"?>
<!-- Generated by org.testng.reporters.JUnitReportReporter -->
<testsuite hostname="DESKTOP-4KADTEQ" failures="0" tests="2" name="testing.dev.BuyerPortal_EmcxPageTest" time="574.861" errors="0" timestamp="2023-11-20T13:15:59 IST" skipped="0">
  <testcase classname="testing.dev.BuyerPortal_EmcxPageTest" name="signUpPageTest1" time="53.815"/>
  <system-out/>
  <testcase classname="testing.dev.BuyerPortal_EmcxPageTest" name="emcxPage" time="521.046"/>
  <system-out/>
</testsuite> <!-- testing.dev.BuyerPortal_EmcxPageTest -->
