<?xml version="1.0" encoding="UTF-8"?>
<!-- Generated by org.testng.reporters.JUnitReportReporter -->
<testsuite hostname="DESKTOP-4KADTEQ" failures="0" tests="5" name="testing.dev.BuyerPortal_BusinessOnboardingPageTest" time="2233.005" errors="0" timestamp="2023-11-15T15:21:35 IST" skipped="0">
  <testcase classname="testing.dev.BuyerPortal_BusinessOnboardingPageTest" name="signUpPageTest1" time="53.308"/>
  <system-out/>
  <testcase classname="testing.dev.BuyerPortal_BusinessOnboardingPageTest" name="basicBusinessDetails" time="681.152"/>
  <system-out/>
  <testcase classname="testing.dev.BuyerPortal_BusinessOnboardingPageTest" name="basicBusinessDetails1" time="427.182"/>
  <system-out/>
  <testcase classname="testing.dev.BuyerPortal_BusinessOnboardingPageTest" name="contactDetails" time="322.624"/>
  <system-out/>
  <testcase classname="testing.dev.BuyerPortal_BusinessOnboardingPageTest" name="otherInformation" time="748.739"/>
  <system-out/>
</testsuite> <!-- testing.dev.BuyerPortal_BusinessOnboardingPageTest -->
