<?xml version="1.0" encoding="UTF-8"?>
<!-- Generated by org.testng.reporters.JUnitReportReporter -->
<testsuite hostname="DESKTOP-4KADTEQ" failures="0" tests="5" name="testing.dev.BuyerPortalSignUpTest" time="800.169" errors="0" timestamp="2023-10-25T14:44:36 IST" skipped="1">
  <testcase classname="testing.dev.BuyerPortalSignUpTest" name="signUpPageTest1" time="57.605"/>
  <system-out/>
  <testcase classname="testing.dev.BuyerPortalSignUpTest" name="signupPageTest3" time="107.084"/>
  <system-out/>
  <testcase classname="testing.dev.BuyerPortalSignUpTest" name="signUpPageTest4" time="334.241"/>
  <system-out/>
  <testcase classname="testing.dev.BuyerPortalSignUpTest" name="signUpPageTest5" time="301.239"/>
  <system-out/>
  <testcase classname="testing.dev.BuyerPortalSignUpTest" name="signUpPageTest2">
    <skipped/>
  </testcase> <!-- signUpPageTest2 -->
  <system-out/>
</testsuite> <!-- testing.dev.BuyerPortalSignUpTest -->
