<?xml version="1.0" encoding="UTF-8"?>
<!-- Generated by org.testng.reporters.JUnitReportReporter -->
<testsuite hostname="DESKTOP-4KADTEQ" failures="0" tests="5" name="testing.dev.BuyerPortal_BusinessOnboardingPageTest" time="276.066" errors="0" timestamp="2023-11-20T11:51:26 IST" skipped="0">
  <testcase classname="testing.dev.BuyerPortal_BusinessOnboardingPageTest" name="signUpPageTest1" time="53.141"/>
  <system-out/>
  <testcase classname="testing.dev.BuyerPortal_BusinessOnboardingPageTest" name="basicBusinessDetails" time="74.896"/>
  <system-out/>
  <testcase classname="testing.dev.BuyerPortal_BusinessOnboardingPageTest" name="basicBusinessDetails1" time="44.003"/>
  <system-out/>
  <testcase classname="testing.dev.BuyerPortal_BusinessOnboardingPageTest" name="contactDetails" time="46.403"/>
  <system-out/>
  <testcase classname="testing.dev.BuyerPortal_BusinessOnboardingPageTest" name="otherInformation" time="57.623"/>
  <system-out/>
</testsuite> <!-- testing.dev.BuyerPortal_BusinessOnboardingPageTest -->
