<?xml version="1.0" encoding="UTF-8"?>
<!-- Generated by org.testng.reporters.JUnitReportReporter -->
<testsuite hostname="DESKTOP-4KADTEQ" failures="0" tests="5" name="testing.dev.BuyerPortal_LandingPagetest" time="183.718" errors="0" timestamp="2023-11-15T15:21:35 IST" skipped="0">
  <testcase classname="testing.dev.BuyerPortal_LandingPagetest" name="search" time="8.647"/>
  <system-out/>
  <testcase classname="testing.dev.BuyerPortal_LandingPagetest" name="popularSearch" time="23.857"/>
  <system-out/>
  <testcase classname="testing.dev.BuyerPortal_LandingPagetest" name="categories" time="43.616"/>
  <system-out/>
  <testcase classname="testing.dev.BuyerPortal_LandingPagetest" name="testimonials" time="6.266"/>
  <system-out/>
  <testcase classname="testing.dev.BuyerPortal_LandingPagetest" name="footer1" time="101.332"/>
  <system-out/>
</testsuite> <!-- testing.dev.BuyerPortal_LandingPagetest -->
