<?xml version="1.0" encoding="UTF-8"?>
<!-- Generated by org.testng.reporters.JUnitReportReporter -->
<testsuite hostname="DESKTOP-4KADTEQ" failures="0" tests="5" name="testing.dev.BuyerPortal_BusinessOnboardingPageTest" time="852.047" errors="0" timestamp="2023-10-25T15:39:14 IST" skipped="0">
  <testcase classname="testing.dev.BuyerPortal_BusinessOnboardingPageTest" name="signUpPageTest1" time="52.387"/>
  <system-out/>
  <testcase classname="testing.dev.BuyerPortal_BusinessOnboardingPageTest" name="basicBusinessDetails" time="81.761"/>
  <system-out/>
  <testcase classname="testing.dev.BuyerPortal_BusinessOnboardingPageTest" name="basicBusinessDetails1" time="40.112"/>
  <system-out/>
  <testcase classname="testing.dev.BuyerPortal_BusinessOnboardingPageTest" name="contactDetails" time="52.631"/>
  <system-out/>
  <testcase classname="testing.dev.BuyerPortal_BusinessOnboardingPageTest" name="otherInformation" time="625.156"/>
  <system-out/>
</testsuite> <!-- testing.dev.BuyerPortal_BusinessOnboardingPageTest -->
