<?xml version="1.0" encoding="UTF-8"?>
<!-- Generated by org.testng.reporters.JUnitReportReporter -->
<testsuite hostname="DESKTOP-4KADTEQ" failures="0" tests="3" name="testing.dev.BuyerPortal_FinancingPageTest" time="153.939" errors="0" timestamp="2023-09-07T20:27:33 IST" skipped="0">
  <testcase classname="testing.dev.BuyerPortal_FinancingPageTest" name="signUpPageTest1" time="54.663"/>
  <system-out/>
  <testcase classname="testing.dev.BuyerPortal_FinancingPageTest" name="financingpage_basicbusiness" time="60.890"/>
  <system-out/>
  <testcase classname="testing.dev.BuyerPortal_FinancingPageTest" name="financingpage_TradeDocuments" time="38.386"/>
  <system-out/>
</testsuite> <!-- testing.dev.BuyerPortal_FinancingPageTest -->
