<?xml version="1.0" encoding="UTF-8"?>
<!-- Generated by org.testng.reporters.JUnitReportReporter -->
<testsuite hostname="DESKTOP-4KADTEQ" failures="0" tests="3" name="testing.dev.BuyerPortal_Trusted_EducationPageTest" time="61.354" errors="0" timestamp="2023-04-05T14:53:55 IST" skipped="0">
  <testcase classname="testing.dev.BuyerPortal_Trusted_EducationPageTest" name="signInPageTest1" time="45.795"/>
  <system-out/>
  <testcase classname="testing.dev.BuyerPortal_Trusted_EducationPageTest" name="TrustedPage" time="9.362"/>
  <system-out/>
  <testcase classname="testing.dev.BuyerPortal_Trusted_EducationPageTest" name="EucationPage" time="6.197"/>
  <system-out/>
</testsuite> <!-- testing.dev.BuyerPortal_Trusted_EducationPageTest -->
