<?xml version="1.0" encoding="UTF-8"?>
<!-- Generated by org.testng.reporters.JUnitReportReporter -->
<testsuite hostname="DESKTOP-4KADTEQ" failures="0" tests="5" name="testing.dev.BuyerPortalSignUpTest" time="355.874" errors="0" timestamp="2023-05-03T21:52:01 IST" skipped="1">
  <testcase classname="testing.dev.BuyerPortalSignUpTest" name="signUpPageTest1" time="50.761"/>
  <system-out/>
  <testcase classname="testing.dev.BuyerPortalSignUpTest" name="signupPageTest3" time="32.010"/>
  <system-out/>
  <testcase classname="testing.dev.BuyerPortalSignUpTest" name="signUpPageTest4" time="151.237"/>
  <system-out/>
  <testcase classname="testing.dev.BuyerPortalSignUpTest" name="signUpPageTest5" time="121.866"/>
  <system-out/>
  <testcase classname="testing.dev.BuyerPortalSignUpTest" name="signUpPageTest2">
    <skipped/>
  </testcase> <!-- signUpPageTest2 -->
  <system-out/>
</testsuite> <!-- testing.dev.BuyerPortalSignUpTest -->
