<?xml version="1.0" encoding="UTF-8"?>
<!-- Generated by org.testng.reporters.JUnitReportReporter -->
<testsuite hostname="DESKTOP-4KADTEQ" failures="0" tests="3" name="testing.dev.BuyerPortal_Trusted_EducationPageTest" time="67.462" errors="0" timestamp="2023-10-04T15:39:23 IST" skipped="0">
  <testcase classname="testing.dev.BuyerPortal_Trusted_EducationPageTest" name="signUpPageTest1" time="52.024"/>
  <system-out/>
  <testcase classname="testing.dev.BuyerPortal_Trusted_EducationPageTest" name="TrustedPage" time="9.255"/>
  <system-out/>
  <testcase classname="testing.dev.BuyerPortal_Trusted_EducationPageTest" name="EucationPage" time="6.183"/>
  <system-out/>
</testsuite> <!-- testing.dev.BuyerPortal_Trusted_EducationPageTest -->
