<?xml version="1.0" encoding="UTF-8"?>
<!-- Generated by org.testng.reporters.JUnitReportReporter -->
<testsuite hostname="DESKTOP-4KADTEQ" failures="0" tests="3" name="testing.dev.BuyerPortalLogin" time="82.014" errors="0" timestamp="2023-04-05T14:45:32 IST" skipped="1">
  <testcase classname="testing.dev.BuyerPortalLogin" name="signUpPageTest1" time="36.191"/>
  <system-out/>
  <testcase classname="testing.dev.BuyerPortalLogin" name="signInPageTest5" time="45.823"/>
  <system-out/>
  <testcase classname="testing.dev.BuyerPortalLogin" name="signUpPageTes">
    <skipped/>
  </testcase> <!-- signUpPageTes -->
  <system-out/>
</testsuite> <!-- testing.dev.BuyerPortalLogin -->
