<?xml version="1.0" encoding="UTF-8"?>
<!-- Generated by org.testng.reporters.JUnitReportReporter -->
<testsuite hostname="DESKTOP-4KADTEQ" failures="0" tests="3" name="testing.dev.BuyerPortal_FavouritePageTest" time="97.197" errors="0" timestamp="2023-09-07T20:17:44 IST" skipped="0">
  <testcase classname="testing.dev.BuyerPortal_FavouritePageTest" name="signUpPageTest1" time="65.925"/>
  <system-out/>
  <testcase classname="testing.dev.BuyerPortal_FavouritePageTest" name="loginsearchPageTest" time="10.552"/>
  <system-out/>
  <testcase classname="testing.dev.BuyerPortal_FavouritePageTest" name="favPage1" time="20.720"/>
  <system-out/>
</testsuite> <!-- testing.dev.BuyerPortal_FavouritePageTest -->
