<?xml version="1.0" encoding="UTF-8"?>
<!-- Generated by org.testng.reporters.JUnitReportReporter -->
<testsuite hostname="DESKTOP-4KADTEQ" failures="0" tests="9" name="testing.dev.BuyerPortal_ComparePageTest" time="231.740" errors="0" timestamp="2023-03-03T16:23:09 IST" skipped="0">
  <testcase classname="testing.dev.BuyerPortal_ComparePageTest" name="signInPageTest" time="18.695"/>
  <system-out/>
  <testcase classname="testing.dev.BuyerPortal_ComparePageTest" name="comparePage01" time="37.538"/>
  <system-out/>
  <testcase classname="testing.dev.BuyerPortal_ComparePageTest" name="contactSupplier" time="22.838"/>
  <system-out/>
  <testcase classname="testing.dev.BuyerPortal_ComparePageTest" name="contactSupplier1" time="30.863"/>
  <system-out/>
  <testcase classname="testing.dev.BuyerPortal_ComparePageTest" name="requestQuote" time="26.515"/>
  <system-out/>
  <testcase classname="testing.dev.BuyerPortal_ComparePageTest" name="compare" time="15.609"/>
  <system-out/>
  <testcase classname="testing.dev.BuyerPortal_ComparePageTest" name="contactSupplier11" time="22.906"/>
  <system-out/>
  <testcase classname="testing.dev.BuyerPortal_ComparePageTest" name="contactSupplier12" time="30.550"/>
  <system-out/>
  <testcase classname="testing.dev.BuyerPortal_ComparePageTest" name="requestQuote1" time="26.226"/>
  <system-out/>
</testsuite> <!-- testing.dev.BuyerPortal_ComparePageTest -->
