<?xml version="1.0" encoding="UTF-8"?>
<!-- Generated by org.testng.reporters.JUnitReportReporter -->
<testsuite hostname="DESKTOP-4KADTEQ" failures="0" tests="3" name="testing.dev.BuyerPortal_FinancingPageTest" time="1477.337" errors="0" timestamp="2023-10-04T15:39:23 IST" skipped="0">
  <testcase classname="testing.dev.BuyerPortal_FinancingPageTest" name="signUpPageTest1" time="248.440"/>
  <system-out/>
  <testcase classname="testing.dev.BuyerPortal_FinancingPageTest" name="financingpage_basicbusiness" time="742.161"/>
  <system-out/>
  <testcase classname="testing.dev.BuyerPortal_FinancingPageTest" name="financingpage_TradeDocuments" time="486.736"/>
  <system-out/>
</testsuite> <!-- testing.dev.BuyerPortal_FinancingPageTest -->
