<?xml version="1.0" encoding="UTF-8"?>
<!-- Generated by org.testng.reporters.JUnitReportReporter -->
<testsuite hostname="DESKTOP-4KADTEQ" failures="0" tests="2" name="testing.dev.BuyerPortal_FinancingPageTest" time="144.460" errors="0" timestamp="2023-02-28T09:16:47 IST" skipped="0">
  <testcase classname="testing.dev.BuyerPortal_FinancingPageTest" name="signInPageTest" time="18.044"/>
  <system-out/>
  <testcase classname="testing.dev.BuyerPortal_FinancingPageTest" name="financingpage" time="126.416"/>
  <system-out/>
</testsuite> <!-- testing.dev.BuyerPortal_FinancingPageTest -->
