<?xml version="1.0" encoding="UTF-8"?>
<!-- Generated by org.testng.reporters.JUnitReportReporter -->
<testsuite hostname="DESKTOP-4KADTEQ" failures="0" tests="3" name="testing.dev.BuyerPortal_FavouritePageTest" time="84.687" errors="0" timestamp="2023-08-11T12:08:18 IST" skipped="0">
  <testcase classname="testing.dev.BuyerPortal_FavouritePageTest" name="signUpPageTest1" time="52.164"/>
  <system-out/>
  <testcase classname="testing.dev.BuyerPortal_FavouritePageTest" name="loginsearchPageTest" time="13.186"/>
  <system-out/>
  <testcase classname="testing.dev.BuyerPortal_FavouritePageTest" name="favPage1" time="19.337"/>
  <system-out/>
</testsuite> <!-- testing.dev.BuyerPortal_FavouritePageTest -->
