<?xml version="1.0" encoding="UTF-8"?>
<!-- Generated by org.testng.reporters.JUnitReportReporter -->
<testsuite hostname="DESKTOP-4KADTEQ" failures="0" tests="3" name="testing.dev.BuyerPortal_FinancingPageTest" time="271.593" errors="0" timestamp="2023-08-11T12:08:18 IST" skipped="0">
  <testcase classname="testing.dev.BuyerPortal_FinancingPageTest" name="signUpPageTest1" time="52.642"/>
  <system-out/>
  <testcase classname="testing.dev.BuyerPortal_FinancingPageTest" name="financingpage_basicbusiness" time="61.770"/>
  <system-out/>
  <testcase classname="testing.dev.BuyerPortal_FinancingPageTest" name="financingpage_TradeDocuments" time="157.181"/>
  <system-out/>
</testsuite> <!-- testing.dev.BuyerPortal_FinancingPageTest -->
