<?xml version="1.0" encoding="UTF-8"?>
<!-- Generated by org.testng.reporters.JUnitReportReporter -->
<testsuite hostname="DESKTOP-4KADTEQ" failures="0" tests="2" name="testing.dev.BuyerPortal_LandingPagetest" time="270.468" errors="0" timestamp="2023-05-05T13:30:15 IST" skipped="0">
  <testcase classname="testing.dev.BuyerPortal_LandingPagetest" name="search" time="6.494"/>
  <system-out/>
  <testcase classname="testing.dev.BuyerPortal_LandingPagetest" name="footer1" time="263.974"/>
  <system-out/>
</testsuite> <!-- testing.dev.BuyerPortal_LandingPagetest -->
