<?xml version="1.0" encoding="UTF-8"?>
<!-- Generated by org.testng.reporters.JUnitReportReporter -->
<testsuite hostname="DESKTOP-4KADTEQ" failures="0" tests="2" name="testing.dev.BuyerPortal_LogisticsPageTest" time="117.681" errors="0" timestamp="2023-09-07T21:13:18 IST" skipped="0">
  <testcase classname="testing.dev.BuyerPortal_LogisticsPageTest" name="signUpPageTest1" time="56.926"/>
  <system-out/>
  <testcase classname="testing.dev.BuyerPortal_LogisticsPageTest" name="logisticspage" time="60.755"/>
  <system-out/>
</testsuite> <!-- testing.dev.BuyerPortal_LogisticsPageTest -->
