<?xml version="1.0" encoding="UTF-8"?>
<!-- Generated by org.testng.reporters.JUnitReportReporter -->
<testsuite hostname="DESKTOP-4KADTEQ" failures="0" tests="2" name="testing.dev.BuyerPortal_LogisticsPageTest" time="97.213" errors="0" timestamp="2023-05-04T21:12:26 IST" skipped="0">
  <testcase classname="testing.dev.BuyerPortal_LogisticsPageTest" name="signInPageTest1" time="46.460"/>
  <system-out/>
  <testcase classname="testing.dev.BuyerPortal_LogisticsPageTest" name="logisticspage" time="50.753"/>
  <system-out/>
</testsuite> <!-- testing.dev.BuyerPortal_LogisticsPageTest -->
