<?xml version="1.0" encoding="UTF-8"?>
<!-- Generated by org.testng.reporters.JUnitReportReporter -->
<testsuite hostname="DESKTOP-4KADTEQ" failures="0" tests="2" name="testing.dev.BuyerPortal_ProfilePageTest" time="129.774" errors="0" timestamp="2023-10-04T15:39:23 IST" skipped="0">
  <testcase classname="testing.dev.BuyerPortal_ProfilePageTest" name="signUpPageTest1" time="55.948"/>
  <system-out/>
  <testcase classname="testing.dev.BuyerPortal_ProfilePageTest" name="profilepagetest" time="73.826"/>
  <system-out/>
</testsuite> <!-- testing.dev.BuyerPortal_ProfilePageTest -->
