<?xml version="1.0" encoding="UTF-8"?>
<!-- Generated by org.testng.reporters.JUnitReportReporter -->
<testsuite hostname="DESKTOP-4KADTEQ" failures="0" tests="2" name="testing.dev.BuyerPortal_EmcxPageTest" time="131.131" errors="0" timestamp="2023-04-05T16:21:05 IST" skipped="0">
  <testcase classname="testing.dev.BuyerPortal_EmcxPageTest" name="signInPageTest1" time="45.928"/>
  <system-out/>
  <testcase classname="testing.dev.BuyerPortal_EmcxPageTest" name="emcxPage" time="85.203"/>
  <system-out/>
</testsuite> <!-- testing.dev.BuyerPortal_EmcxPageTest -->
