<?xml version="1.0" encoding="UTF-8"?>
<!-- Generated by org.testng.reporters.JUnitReportReporter -->
<testsuite hostname="DESKTOP-4KADTEQ" failures="0" tests="2" name="testing.dev.BuyerPortal_EmcxPageTest" time="44.454" errors="0" timestamp="2023-03-03T17:53:47 IST" skipped="0">
  <testcase classname="testing.dev.BuyerPortal_EmcxPageTest" name="signInPageTest1" time="22.449"/>
  <system-out/>
  <testcase classname="testing.dev.BuyerPortal_EmcxPageTest" name="emcxPage" time="22.005"/>
  <system-out/>
</testsuite> <!-- testing.dev.BuyerPortal_EmcxPageTest -->
