<?xml version="1.0" encoding="UTF-8"?>
<!-- Generated by org.testng.reporters.JUnitReportReporter -->
<testsuite hostname="DESKTOP-4KADTEQ" failures="0" tests="2" name="testing.dev.BuyerPortal_MySpacesTest" time="55.363" errors="0" timestamp="2023-04-05T16:08:06 IST" skipped="0">
  <testcase classname="testing.dev.BuyerPortal_MySpacesTest" name="signInPageTest1" time="45.968"/>
  <system-out/>
  <testcase classname="testing.dev.BuyerPortal_MySpacesTest" name="MySpaces" time="9.395"/>
  <system-out/>
</testsuite> <!-- testing.dev.BuyerPortal_MySpacesTest -->
