<?xml version="1.0" encoding="UTF-8"?>
<!-- Generated by org.testng.reporters.JUnitReportReporter -->
<testsuite hostname="DESKTOP-4KADTEQ" failures="0" tests="2" name="testing.dev.BuyerPortalSignUpTest" time="31.587" errors="0" timestamp="2023-04-05T14:52:46 IST" skipped="1">
  <testcase classname="testing.dev.BuyerPortalSignUpTest" name="signUpPageTest5" time="31.587"/>
  <system-out/>
  <testcase classname="testing.dev.BuyerPortalSignUpTest" name="signUpPageTest2">
    <skipped/>
  </testcase> <!-- signUpPageTest2 -->
  <system-out/>
</testsuite> <!-- testing.dev.BuyerPortalSignUpTest -->
