<?xml version="1.0" encoding="UTF-8"?>
<!-- Generated by org.testng.reporters.JUnitReportReporter -->
<testsuite hostname="DESKTOP-4KADTEQ" failures="0" tests="5" name="testing.dev.BuyerPortal_LandingPagetest" time="202.952" errors="0" timestamp="2023-09-06T20:46:23 IST" skipped="0">
  <testcase classname="testing.dev.BuyerPortal_LandingPagetest" name="search" time="9.159"/>
  <system-out/>
  <testcase classname="testing.dev.BuyerPortal_LandingPagetest" name="popularSearch" time="24.296"/>
  <system-out/>
  <testcase classname="testing.dev.BuyerPortal_LandingPagetest" name="categories" time="44.188"/>
  <system-out/>
  <testcase classname="testing.dev.BuyerPortal_LandingPagetest" name="testimonials" time="6.234"/>
  <system-out/>
  <testcase classname="testing.dev.BuyerPortal_LandingPagetest" name="footer1" time="119.075"/>
  <system-out/>
</testsuite> <!-- testing.dev.BuyerPortal_LandingPagetest -->
