<?xml version="1.0" encoding="UTF-8"?>
<!-- Generated by org.testng.reporters.JUnitReportReporter -->
<testsuite hostname="DESKTOP-4KADTEQ" failures="0" tests="2" name="testing.dev.BuyerPortal_ProfilePageTest" time="140.562" errors="0" timestamp="2023-05-03T22:29:23 IST" skipped="0">
  <testcase classname="testing.dev.BuyerPortal_ProfilePageTest" name="signInPageTest1" time="26.633"/>
  <system-out/>
  <testcase classname="testing.dev.BuyerPortal_ProfilePageTest" name="profilepagetest" time="113.929"/>
  <system-out/>
</testsuite> <!-- testing.dev.BuyerPortal_ProfilePageTest -->
