<?xml version="1.0" encoding="UTF-8"?>
<!-- Generated by org.testng.reporters.JUnitReportReporter -->
<testsuite hostname="DESKTOP-4KADTEQ" failures="0" tests="2" name="testing.dev.BuyerPortal_EmcxPageTest" time="263.725" errors="0" timestamp="2023-09-07T20:09:28 IST" skipped="0">
  <testcase classname="testing.dev.BuyerPortal_EmcxPageTest" name="signUpPageTest1" time="54.627"/>
  <system-out/>
  <testcase classname="testing.dev.BuyerPortal_EmcxPageTest" name="emcxPage" time="209.098"/>
  <system-out/>
</testsuite> <!-- testing.dev.BuyerPortal_EmcxPageTest -->
