<?xml version="1.0" encoding="UTF-8"?>
<!-- Generated by org.testng.reporters.JUnitReportReporter -->
<testsuite hostname="DESKTOP-4KADTEQ" failures="0" tests="2" name="testing.dev.BuyerPortalSignUpTest" time="38.054" errors="0" timestamp="2023-03-02T22:06:58 IST" skipped="1">
  <testcase classname="testing.dev.BuyerPortalSignUpTest" name="signUpPageTest1" time="38.054"/>
  <system-out/>
  <testcase classname="testing.dev.BuyerPortalSignUpTest" name="signUpPageTest2">
    <skipped/>
  </testcase> <!-- signUpPageTest2 -->
  <system-out/>
</testsuite> <!-- testing.dev.BuyerPortalSignUpTest -->
