<?xml version="1.0" encoding="UTF-8"?>
<!-- Generated by org.testng.reporters.JUnitReportReporter -->
<testsuite hostname="DESKTOP-4KADTEQ" failures="0" tests="5" name="testing.dev.BuyerPortalSignUpTest" time="107.181" errors="0" timestamp="2023-07-22T15:52:41 IST" skipped="1">
  <testcase classname="testing.dev.BuyerPortalSignUpTest" name="signUpPageTest1" time="28.644"/>
  <system-out/>
  <testcase classname="testing.dev.BuyerPortalSignUpTest" name="signupPageTest3" time="15.091"/>
  <system-out/>
  <testcase classname="testing.dev.BuyerPortalSignUpTest" name="signUpPageTest4" time="33.210"/>
  <system-out/>
  <testcase classname="testing.dev.BuyerPortalSignUpTest" name="signUpPageTest5" time="30.236"/>
  <system-out/>
  <testcase classname="testing.dev.BuyerPortalSignUpTest" name="signUpPageTest2">
    <skipped/>
  </testcase> <!-- signUpPageTest2 -->
  <system-out/>
</testsuite> <!-- testing.dev.BuyerPortalSignUpTest -->
