<?xml version="1.0" encoding="UTF-8"?>
<!-- Generated by org.testng.reporters.JUnitReportReporter -->
<testsuite hostname="DESKTOP-4KADTEQ" failures="0" tests="5" name="testing.dev.BuyerPortal_LandingPagetest" time="195.679" errors="0" timestamp="2023-08-11T12:08:18 IST" skipped="0">
  <testcase classname="testing.dev.BuyerPortal_LandingPagetest" name="search" time="6.417"/>
  <system-out/>
  <testcase classname="testing.dev.BuyerPortal_LandingPagetest" name="popularSearch" time="23.997"/>
  <system-out/>
  <testcase classname="testing.dev.BuyerPortal_LandingPagetest" name="categories" time="43.664"/>
  <system-out/>
  <testcase classname="testing.dev.BuyerPortal_LandingPagetest" name="testimonials" time="6.149"/>
  <system-out/>
  <testcase classname="testing.dev.BuyerPortal_LandingPagetest" name="footer1" time="115.452"/>
  <system-out/>
</testsuite> <!-- testing.dev.BuyerPortal_LandingPagetest -->
