<?xml version="1.0" encoding="UTF-8"?>
<!-- Generated by org.testng.reporters.JUnitReportReporter -->
<testsuite hostname="DESKTOP-4KADTEQ" failures="0" tests="4" name="testing.dev.BuyerPortalLogin" time="16.165" errors="0" timestamp="2023-01-04T19:44:27 IST" skipped="2">
  <testcase classname="testing.dev.BuyerPortalLogin" name="signUpPageTest1" time="12.277"/>
  <system-out/>
  <testcase classname="testing.dev.BuyerPortalLogin" name="signInPageTest3" time="3.888"/>
  <system-out/>
  <testcase classname="testing.dev.BuyerPortalLogin" name="signUpPageTest2">
    <skipped/>
  </testcase> <!-- signUpPageTest2 -->
  <system-out/>
  <testcase classname="testing.dev.BuyerPortalLogin" name="signInPageTest4">
    <skipped/>
  </testcase> <!-- signInPageTest4 -->
  <system-out/>
</testsuite> <!-- testing.dev.BuyerPortalLogin -->
