<?xml version="1.0" encoding="UTF-8"?>
<!-- Generated by org.testng.reporters.JUnitReportReporter -->
<testsuite hostname="DESKTOP-4KADTEQ" failures="0" tests="7" name="testing.dev.BuyerPortal_LandingPagetest" time="710.821" errors="0" timestamp="2023-01-04T19:44:27 IST" skipped="1">
  <testcase classname="testing.dev.BuyerPortal_LandingPagetest" name="search" time="5.568"/>
  <system-out/>
  <testcase classname="testing.dev.BuyerPortal_LandingPagetest" name="popularSearch" time="11.586"/>
  <system-out/>
  <testcase classname="testing.dev.BuyerPortal_LandingPagetest" name="categories" time="22.274"/>
  <system-out/>
  <testcase classname="testing.dev.BuyerPortal_LandingPagetest" name="testimonials" time="2.120"/>
  <system-out/>
  <testcase classname="testing.dev.BuyerPortal_LandingPagetest" name="signInPageTest" time="8.726"/>
  <system-out/>
  <testcase classname="testing.dev.BuyerPortal_LandingPagetest" name="searchpage" time="660.547"/>
  <system-out/>
  <testcase classname="testing.dev.BuyerPortal_LandingPagetest" name="footer1">
    <skipped/>
  </testcase> <!-- footer1 -->
  <system-out/>
</testsuite> <!-- testing.dev.BuyerPortal_LandingPagetest -->
