<?xml version="1.0" encoding="UTF-8"?>
<!-- Generated by org.testng.reporters.JUnitReportReporter -->
<testsuite hostname="DESKTOP-4KADTEQ" failures="0" tests="2" name="testing.dev.BuyerPortal_ProfileTest" time="195.181" errors="0" timestamp="2023-01-04T19:34:16 IST" skipped="0">
  <testcase classname="testing.dev.BuyerPortal_ProfileTest" name="signInPageTest" time="9.096"/>
  <system-out/>
  <testcase classname="testing.dev.BuyerPortal_ProfileTest" name="profilepage" time="186.085"/>
  <system-out/>
</testsuite> <!-- testing.dev.BuyerPortal_ProfileTest -->
