<?xml version="1.0" encoding="UTF-8"?>
<!-- Generated by org.testng.reporters.JUnitReportReporter -->
<testsuite hostname="DESKTOP-4KADTEQ" failures="0" tests="5" name="testing.dev.BuyerPortal_search" time="25.220" errors="0" timestamp="2023-01-04T19:44:27 IST" skipped="0">
  <testcase classname="testing.dev.BuyerPortal_search" name="signInPageTest" time="8.899"/>
  <system-out/>
  <testcase classname="testing.dev.BuyerPortal_search" name="loginsearchPageTest" time="6.738"/>
  <system-out/>
  <testcase classname="testing.dev.BuyerPortal_search" name="contactSupplier" time="5.373"/>
  <system-out/>
  <testcase classname="testing.dev.BuyerPortal_search" name="contactSupplier1" time="3.182"/>
  <system-out/>
  <testcase classname="testing.dev.BuyerPortal_search" name="requestQuote" time="1.028"/>
  <system-out/>
</testsuite> <!-- testing.dev.BuyerPortal_search -->
